# JRE version: OpenJDK Runtime Environment (8.0_242) (build 1.8.0_242-release-1644-b3-6222593)
# Java VM: OpenJDK 64-Bit Server VM (25.242-b3-6222593 mixed mode bsd-amd64 compressed oops)
Heap:
 PSYoungGen      total 343552K, used 243586K [0x0000000795580000, 0x00000007b0900000, 0x00000007c0000000)
  eden space 266752K, 74% used [0x0000000795580000,0x00000007a1895df0,0x00000007a5a00000)
  from space 76800K, 57% used [0x00000007a5a00000,0x00000007a84cabc8,0x00000007aa500000)
  to   space 78336K, 0% used [0x00000007abc80000,0x00000007abc80000,0x00000007b0900000)
 ParOldGen       total 352256K, used 159039K [0x0000000740000000, 0x0000000755800000, 0x0000000795580000)
  object space 352256K, 45% used [0x0000000740000000,0x0000000749b4fed0,0x0000000755800000)
 Metaspace       used 111228K, capacity 115584K, committed 115840K, reserved 1150976K
  class space    used 14211K, capacity 15130K, committed 15232K, reserved 1048576K
GC Heap History (10 events):
Event: 35.414 GC heap before
{Heap before GC invocations=18 (full 3):
 PSYoungGen      total 280576K, used 185173K [0x0000000795580000, 0x00000007a8080000, 0x00000007c0000000)
  eden space 261120K, 63% used [0x0000000795580000,0x000000079f8865d8,0x00000007a5480000)
  from space 19456K, 93% used [0x00000007a6d80000,0x00000007a7f4efb8,0x00000007a8080000)
  to   space 22528K, 0% used [0x00000007a5480000,0x00000007a5480000,0x00000007a6a80000)
 ParOldGen       total 115200K, used 44078K [0x0000000740000000, 0x0000000747080000, 0x0000000795580000)
  object space 115200K, 38% used [0x0000000740000000,0x0000000742b0ba88,0x0000000747080000)
 Metaspace       used 94320K, capacity 98450K, committed 98560K, reserved 1134592K
  class space    used 12480K, capacity 13303K, committed 13312K, reserved 1048576K
Event: 35.484 GC heap after
Heap after GC invocations=18 (full 3):
 PSYoungGen      total 283648K, used 22511K [0x0000000795580000, 0x00000007ac180000, 0x00000007c0000000)
  eden space 261120K, 0% used [0x0000000795580000,0x0000000795580000,0x00000007a5480000)
  from space 22528K, 99% used [0x00000007a5480000,0x00000007a6a7bc88,0x00000007a6a80000)
  to   space 29184K, 0% used [0x00000007aa500000,0x00000007aa500000,0x00000007ac180000)
 ParOldGen       total 115200K, used 52600K [0x0000000740000000, 0x0000000747080000, 0x0000000795580000)
  object space 115200K, 45% used [0x0000000740000000,0x000000074335e318,0x0000000747080000)
 Metaspace       used 94320K, capacity 98450K, committed 98560K, reserved 1134592K
  class space    used 12480K, capacity 13303K, committed 13312K, reserved 1048576K
}
Event: 35.484 GC heap before
{Heap before GC invocations=19 (full 4):
 PSYoungGen      total 283648K, used 22511K [0x0000000795580000, 0x00000007ac180000, 0x00000007c0000000)
  eden space 261120K, 0% used [0x0000000795580000,0x0000000795580000,0x00000007a5480000)
  from space 22528K, 99% used [0x00000007a5480000,0x00000007a6a7bc88,0x00000007a6a80000)
  to   space 29184K, 0% used [0x00000007aa500000,0x00000007aa500000,0x00000007ac180000)
 ParOldGen       total 115200K, used 52600K [0x0000000740000000, 0x0000000747080000, 0x0000000795580000)
  object space 115200K, 45% used [0x0000000740000000,0x000000074335e318,0x0000000747080000)
 Metaspace       used 94320K, capacity 98450K, committed 98560K, reserved 1134592K
  class space    used 12480K, capacity 13303K, committed 13312K, reserved 1048576K
Event: 36.170 GC heap after
Heap after GC invocations=19 (full 4):
 PSYoungGen      total 283648K, used 0K [0x0000000795580000, 0x00000007ac180000, 0x00000007c0000000)
  eden space 261120K, 0% used [0x0000000795580000,0x0000000795580000,0x00000007a5480000)
  from space 22528K, 0% used [0x00000007a5480000,0x00000007a5480000,0x00000007a6a80000)
  to   space 29184K, 0% used [0x00000007aa500000,0x00000007aa500000,0x00000007ac180000)
 ParOldGen       total 183808K, used 64721K [0x0000000740000000, 0x000000074b380000, 0x0000000795580000)
  object space 183808K, 35% used [0x0000000740000000,0x0000000743f34448,0x000000074b380000)
 Metaspace       used 94204K, capacity 98100K, committed 98560K, reserved 1134592K
  class space    used 12450K, capacity 13252K, committed 13312K, reserved 1048576K
}
Event: 40.933 GC heap before
{Heap before GC invocations=20 (full 4):
 PSYoungGen      total 283648K, used 261120K [0x0000000795580000, 0x00000007ac180000, 0x00000007c0000000)
  eden space 261120K, 100% used [0x0000000795580000,0x00000007a5480000,0x00000007a5480000)
  from space 22528K, 0% used [0x00000007a5480000,0x00000007a5480000,0x00000007a6a80000)
  to   space 29184K, 0% used [0x00000007aa500000,0x00000007aa500000,0x00000007ac180000)
 ParOldGen       total 183808K, used 64721K [0x0000000740000000, 0x000000074b380000, 0x0000000795580000)
  object space 183808K, 35% used [0x0000000740000000,0x0000000743f34448,0x000000074b380000)
 Metaspace       used 101502K, capacity 105488K, committed 105856K, reserved 1140736K
  class space    used 13317K, capacity 14144K, committed 14208K, reserved 1048576K
Event: 41.205 GC heap after
Heap after GC invocations=20 (full 4):
 PSYoungGen      total 295936K, used 29166K [0x0000000795580000, 0x00000007b2e00000, 0x00000007c0000000)
  eden space 266752K, 0% used [0x0000000795580000,0x0000000795580000,0x00000007a5a00000)
  from space 29184K, 99% used [0x00000007aa500000,0x00000007ac17b990,0x00000007ac180000)
  to   space 76800K, 0% used [0x00000007a5a00000,0x00000007a5a00000,0x00000007aa500000)
 ParOldGen       total 183808K, used 181072K [0x0000000740000000, 0x000000074b380000, 0x0000000795580000)
  object space 183808K, 98% used [0x0000000740000000,0x000000074b0d4160,0x000000074b380000)
 Metaspace       used 101502K, capacity 105488K, committed 105856K, reserved 1140736K
  class space    used 13317K, capacity 14144K, committed 14208K, reserved 1048576K
}
Event: 41.205 GC heap before
{Heap before GC invocations=21 (full 5):
 PSYoungGen      total 295936K, used 29166K [0x0000000795580000, 0x00000007b2e00000, 0x00000007c0000000)
  eden space 266752K, 0% used [0x0000000795580000,0x0000000795580000,0x00000007a5a00000)
  from space 29184K, 99% used [0x00000007aa500000,0x00000007ac17b990,0x00000007ac180000)
  to   space 76800K, 0% used [0x00000007a5a00000,0x00000007a5a00000,0x00000007aa500000)
 ParOldGen       total 183808K, used 181072K [0x0000000740000000, 0x000000074b380000, 0x0000000795580000)
  object space 183808K, 98% used [0x0000000740000000,0x000000074b0d4160,0x000000074b380000)
 Metaspace       used 101502K, capacity 105488K, committed 105856K, reserved 1140736K
  class space    used 13317K, capacity 14144K, committed 14208K, reserved 1048576K
Event: 42.646 GC heap after
Heap after GC invocations=21 (full 5):
 PSYoungGen      total 295936K, used 0K [0x0000000795580000, 0x00000007b2e00000, 0x00000007c0000000)
  eden space 266752K, 0% used [0x0000000795580000,0x0000000795580000,0x00000007a5a00000)
  from space 29184K, 0% used [0x00000007aa500000,0x00000007aa500000,0x00000007ac180000)
  to   space 76800K, 0% used [0x00000007a5a00000,0x00000007a5a00000,0x00000007aa500000)
 ParOldGen       total 352256K, used 159031K [0x0000000740000000, 0x0000000755800000, 0x0000000795580000)
  object space 352256K, 45% used [0x0000000740000000,0x0000000749b4ded0,0x0000000755800000)
 Metaspace       used 101502K, capacity 105488K, committed 105856K, reserved 1140736K
  class space    used 13317K, capacity 14144K, committed 14208K, reserved 1048576K
}
Event: 48.336 GC heap before
{Heap before GC invocations=22 (full 5):
 PSYoungGen      total 295936K, used 266752K [0x0000000795580000, 0x00000007b2e00000, 0x00000007c0000000)
  eden space 266752K, 100% used [0x0000000795580000,0x00000007a5a00000,0x00000007a5a00000)
  from space 29184K, 0% used [0x00000007aa500000,0x00000007aa500000,0x00000007ac180000)
  to   space 76800K, 0% used [0x00000007a5a00000,0x00000007a5a00000,0x00000007aa500000)
 ParOldGen       total 352256K, used 159031K [0x0000000740000000, 0x0000000755800000, 0x0000000795580000)
  object space 352256K, 45% used [0x0000000740000000,0x0000000749b4ded0,0x0000000755800000)
 Metaspace       used 103734K, capacity 107938K, committed 108160K, reserved 1142784K
  class space    used 13507K, capacity 14367K, committed 14464K, reserved 1048576K
Event: 48.438 GC heap after
Heap after GC invocations=22 (full 5):
 PSYoungGen      total 343552K, used 43818K [0x0000000795580000, 0x00000007b0900000, 0x00000007c0000000)
  eden space 266752K, 0% used [0x0000000795580000,0x0000000795580000,0x00000007a5a00000)
  from space 76800K, 57% used [0x00000007a5a00000,0x00000007a84cabc8,0x00000007aa500000)
  to   space 78336K, 0% used [0x00000007abc80000,0x00000007abc80000,0x00000007b0900000)
 ParOldGen       total 352256K, used 159039K [0x0000000740000000, 0x0000000755800000, 0x0000000795580000)
  object space 352256K, 45% used [0x0000000740000000,0x0000000749b4fed0,0x0000000755800000)
 Metaspace       used 103734K, capacity 107938K, committed 108160K, reserved 1142784K
  class space    used 13507K, capacity 14367K, committed 14464K, reserved 1048576K
}

