# JRE version: OpenJDK Runtime Environment (8.0_242) (build 1.8.0_242-release-1644-b3-6222593)
# Java VM: OpenJDK 64-Bit Server VM (25.242-b3-6222593 mixed mode bsd-amd64 compressed oops)
Heap:
 PSYoungGen      total 450048K, used 195846K [0x0000000795580000, 0x00000007b4e80000, 0x00000007c0000000)
  eden space 384000K, 41% used [0x0000000795580000,0x000000079f1501d0,0x00000007acc80000)
  from space 66048K, 54% used [0x00000007b0e00000,0x00000007b3171970,0x00000007b4e80000)
  to   space 66560K, 0% used [0x00000007acc80000,0x00000007acc80000,0x00000007b0d80000)
 ParOldGen       total 305664K, used 158669K [0x0000000740000000, 0x0000000752a80000, 0x0000000795580000)
  object space 305664K, 51% used [0x0000000740000000,0x0000000749af3448,0x0000000752a80000)
 Metaspace       used 105047K, capacity 109204K, committed 109440K, reserved 1144832K
  class space    used 13511K, capacity 14345K, committed 14464K, reserved 1048576K
GC Heap History (10 events):
Event: 13.616 GC heap before
{Heap before GC invocations=14 (full 3):
 PSYoungGen      total 309760K, used 294400K [0x0000000795580000, 0x00000007a9e00000, 0x00000007c0000000)
  eden space 294400K, 100% used [0x0000000795580000,0x00000007a7500000,0x00000007a7500000)
  from space 15360K, 0% used [0x00000007a8980000,0x00000007a8980000,0x00000007a9880000)
  to   space 20992K, 0% used [0x00000007a7500000,0x00000007a7500000,0x00000007a8980000)
 ParOldGen       total 123392K, used 36228K [0x0000000740000000, 0x0000000747880000, 0x0000000795580000)
  object space 123392K, 29% used [0x0000000740000000,0x0000000742361298,0x0000000747880000)
 Metaspace       used 73244K, capacity 76636K, committed 76800K, reserved 1116160K
  class space    used 10024K, capacity 10712K, committed 10752K, reserved 1048576K
Event: 13.654 GC heap after
Heap after GC invocations=14 (full 3):
 PSYoungGen      total 315392K, used 20987K [0x0000000795580000, 0x00000007aee80000, 0x00000007c0000000)
  eden space 294400K, 0% used [0x0000000795580000,0x0000000795580000,0x00000007a7500000)
  from space 20992K, 99% used [0x00000007a7500000,0x00000007a897ef20,0x00000007a8980000)
  to   space 26112K, 0% used [0x00000007ad500000,0x00000007ad500000,0x00000007aee80000)
 ParOldGen       total 123392K, used 41990K [0x0000000740000000, 0x0000000747880000, 0x0000000795580000)
  object space 123392K, 34% used [0x0000000740000000,0x00000007429018d8,0x0000000747880000)
 Metaspace       used 73244K, capacity 76636K, committed 76800K, reserved 1116160K
  class space    used 10024K, capacity 10712K, committed 10752K, reserved 1048576K
}
Event: 16.809 GC heap before
{Heap before GC invocations=15 (full 3):
 PSYoungGen      total 315392K, used 315387K [0x0000000795580000, 0x00000007aee80000, 0x00000007c0000000)
  eden space 294400K, 100% used [0x0000000795580000,0x00000007a7500000,0x00000007a7500000)
  from space 20992K, 99% used [0x00000007a7500000,0x00000007a897ef20,0x00000007a8980000)
  to   space 26112K, 0% used [0x00000007ad500000,0x00000007ad500000,0x00000007aee80000)
 ParOldGen       total 123392K, used 41990K [0x0000000740000000, 0x0000000747880000, 0x0000000795580000)
  object space 123392K, 34% used [0x0000000740000000,0x00000007429018d8,0x0000000747880000)
 Metaspace       used 88034K, capacity 91766K, committed 92288K, reserved 1128448K
  class space    used 11808K, capacity 12546K, committed 12672K, reserved 1048576K
Event: 16.966 GC heap after
Heap after GC invocations=15 (full 3):
 PSYoungGen      total 348672K, used 26111K [0x0000000795580000, 0x00000007b4f00000, 0x00000007c0000000)
  eden space 322560K, 0% used [0x0000000795580000,0x0000000795580000,0x00000007a9080000)
  from space 26112K, 99% used [0x00000007ad500000,0x00000007aee7fe20,0x00000007aee80000)
  to   space 70144K, 0% used [0x00000007a9080000,0x00000007a9080000,0x00000007ad500000)
 ParOldGen       total 150016K, used 149888K [0x0000000740000000, 0x0000000749280000, 0x0000000795580000)
  object space 150016K, 99% used [0x0000000740000000,0x00000007492603a0,0x0000000749280000)
 Metaspace       used 88034K, capacity 91766K, committed 92288K, reserved 1128448K
  class space    used 11808K, capacity 12546K, committed 12672K, reserved 1048576K
}
Event: 16.966 GC heap before
{Heap before GC invocations=16 (full 4):
 PSYoungGen      total 348672K, used 26111K [0x0000000795580000, 0x00000007b4f00000, 0x00000007c0000000)
  eden space 322560K, 0% used [0x0000000795580000,0x0000000795580000,0x00000007a9080000)
  from space 26112K, 99% used [0x00000007ad500000,0x00000007aee7fe20,0x00000007aee80000)
  to   space 70144K, 0% used [0x00000007a9080000,0x00000007a9080000,0x00000007ad500000)
 ParOldGen       total 150016K, used 149888K [0x0000000740000000, 0x0000000749280000, 0x0000000795580000)
  object space 150016K, 99% used [0x0000000740000000,0x00000007492603a0,0x0000000749280000)
 Metaspace       used 88034K, capacity 91766K, committed 92288K, reserved 1128448K
  class space    used 11808K, capacity 12546K, committed 12672K, reserved 1048576K
Event: 17.676 GC heap after
Heap after GC invocations=16 (full 4):
 PSYoungGen      total 348672K, used 9160K [0x0000000795580000, 0x00000007b4f00000, 0x00000007c0000000)
  eden space 322560K, 0% used [0x0000000795580000,0x0000000795580000,0x00000007a9080000)
  from space 26112K, 35% used [0x00000007ad500000,0x00000007addf2140,0x00000007aee80000)
  to   space 70144K, 0% used [0x00000007a9080000,0x00000007a9080000,0x00000007ad500000)
 ParOldGen       total 305664K, used 149474K [0x0000000740000000, 0x0000000752a80000, 0x0000000795580000)
  object space 305664K, 48% used [0x0000000740000000,0x00000007491f8b38,0x0000000752a80000)
 Metaspace       used 87923K, capacity 91436K, committed 92288K, reserved 1128448K
  class space    used 11773K, capacity 12485K, committed 12672K, reserved 1048576K
}
Event: 313.787 GC heap before
{Heap before GC invocations=17 (full 4):
 PSYoungGen      total 348672K, used 331720K [0x0000000795580000, 0x00000007b4f00000, 0x00000007c0000000)
  eden space 322560K, 100% used [0x0000000795580000,0x00000007a9080000,0x00000007a9080000)
  from space 26112K, 35% used [0x00000007ad500000,0x00000007addf2140,0x00000007aee80000)
  to   space 70144K, 0% used [0x00000007a9080000,0x00000007a9080000,0x00000007ad500000)
 ParOldGen       total 305664K, used 149474K [0x0000000740000000, 0x0000000752a80000, 0x0000000795580000)
  object space 305664K, 48% used [0x0000000740000000,0x00000007491f8b38,0x0000000752a80000)
 Metaspace       used 94225K, capacity 98028K, committed 98304K, reserved 1134592K
  class space    used 12286K, capacity 13037K, committed 13056K, reserved 1048576K
Event: 314.200 GC heap after
Heap after GC invocations=17 (full 4):
 PSYoungGen      total 392704K, used 26112K [0x0000000795580000, 0x00000007b4f00000, 0x00000007c0000000)
  eden space 322560K, 0% used [0x0000000795580000,0x0000000795580000,0x00000007a9080000)
  from space 70144K, 37% used [0x00000007a9080000,0x00000007aaa00370,0x00000007ad500000)
  to   space 66560K, 0% used [0x00000007b0e00000,0x00000007b0e00000,0x00000007b4f00000)
 ParOldGen       total 305664K, used 158661K [0x0000000740000000, 0x0000000752a80000, 0x0000000795580000)
  object space 305664K, 51% used [0x0000000740000000,0x0000000749af1448,0x0000000752a80000)
 Metaspace       used 94225K, capacity 98028K, committed 98304K, reserved 1134592K
  class space    used 12286K, capacity 13037K, committed 13056K, reserved 1048576K
}
Event: 317.472 GC heap before
{Heap before GC invocations=18 (full 4):
 PSYoungGen      total 392704K, used 348672K [0x0000000795580000, 0x00000007b4f00000, 0x00000007c0000000)
  eden space 322560K, 100% used [0x0000000795580000,0x00000007a9080000,0x00000007a9080000)
  from space 70144K, 37% used [0x00000007a9080000,0x00000007aaa00370,0x00000007ad500000)
  to   space 66560K, 0% used [0x00000007b0e00000,0x00000007b0e00000,0x00000007b4f00000)
 ParOldGen       total 305664K, used 158661K [0x0000000740000000, 0x0000000752a80000, 0x0000000795580000)
  object space 305664K, 51% used [0x0000000740000000,0x0000000749af1448,0x0000000752a80000)
 Metaspace       used 102181K, capacity 106138K, committed 106496K, reserved 1142784K
  class space    used 13196K, capacity 13986K, committed 14080K, reserved 1048576K
Event: 317.539 GC heap after
Heap after GC invocations=18 (full 4):
 PSYoungGen      total 450048K, used 36294K [0x0000000795580000, 0x00000007b4e80000, 0x00000007c0000000)
  eden space 384000K, 0% used [0x0000000795580000,0x0000000795580000,0x00000007acc80000)
  from space 66048K, 54% used [0x00000007b0e00000,0x00000007b3171970,0x00000007b4e80000)
  to   space 66560K, 0% used [0x00000007acc80000,0x00000007acc80000,0x00000007b0d80000)
 ParOldGen       total 305664K, used 158669K [0x0000000740000000, 0x0000000752a80000, 0x0000000795580000)
  object space 305664K, 51% used [0x0000000740000000,0x0000000749af3448,0x0000000752a80000)
 Metaspace       used 102181K, capacity 106138K, committed 106496K, reserved 1142784K
  class space    used 13196K, capacity 13986K, committed 14080K, reserved 1048576K
}

