# JRE version: OpenJDK Runtime Environment (8.0_242) (build 1.8.0_242-release-1644-b3-6222593)
# Java VM: OpenJDK 64-Bit Server VM (25.242-b3-6222593 mixed mode bsd-amd64 compressed oops)
Heap:
 PSYoungGen      total 543232K, used 542997K [0x0000000795580000, 0x00000007c0000000, 0x00000007c0000000)
  eden space 395264K, 100% used [0x0000000795580000,0x00000007ad780000,0x00000007ad780000)
  from space 147968K, 99% used [0x00000007ad780000,0x00000007b67c56c0,0x00000007b6800000)
  to   space 155648K, 39% used [0x00000007b6800000,0x00000007ba355a68,0x00000007c0000000)
 ParOldGen       total 361984K, used 138103K [0x0000000740000000, 0x0000000756180000, 0x0000000795580000)
  object space 361984K, 38% used [0x0000000740000000,0x00000007486ddc18,0x0000000756180000)
 Metaspace       used 308465K, capacity 318620K, committed 319320K, reserved 1329152K
  class space    used 36908K, capacity 38998K, committed 39000K, reserved 1048576K
GC Heap History (10 events):
Event: 16245.055 GC heap after
Heap after GC invocations=46 (full 7):
 PSYoungGen      total 531456K, used 36296K [0x0000000795580000, 0x00000007bfa80000, 0x00000007c0000000)
  eden space 384000K, 0% used [0x0000000795580000,0x0000000795580000,0x00000007acc80000)
  from space 147456K, 24% used [0x00000007acc80000,0x00000007aeff2118,0x00000007b5c80000)
  to   space 147968K, 0% used [0x00000007b6a00000,0x00000007b6a00000,0x00000007bfa80000)
 ParOldGen       total 361984K, used 138071K [0x0000000740000000, 0x0000000756180000, 0x0000000795580000)
  object space 361984K, 38% used [0x0000000740000000,0x00000007486d5c18,0x0000000756180000)
 Metaspace       used 265871K, capacity 274848K, committed 275800K, reserved 1292288K
  class space    used 31929K, capacity 33801K, committed 33880K, reserved 1048576K
}
Event: 16272.555 GC heap before
{Heap before GC invocations=47 (full 7):
 PSYoungGen      total 531456K, used 420296K [0x0000000795580000, 0x00000007bfa80000, 0x00000007c0000000)
  eden space 384000K, 100% used [0x0000000795580000,0x00000007acc80000,0x00000007acc80000)
  from space 147456K, 24% used [0x00000007acc80000,0x00000007aeff2118,0x00000007b5c80000)
  to   space 147968K, 0% used [0x00000007b6a00000,0x00000007b6a00000,0x00000007bfa80000)
 ParOldGen       total 361984K, used 138071K [0x0000000740000000, 0x0000000756180000, 0x0000000795580000)
  object space 361984K, 38% used [0x0000000740000000,0x00000007486d5c18,0x0000000756180000)
 Metaspace       used 273632K, capacity 282830K, committed 283608K, reserved 1298432K
  class space    used 32848K, capacity 34752K, committed 34776K, reserved 1048576K
Event: 16272.622 GC heap after
Heap after GC invocations=47 (full 7):
 PSYoungGen      total 545792K, used 38427K [0x0000000795580000, 0x00000007bfa00000, 0x00000007c0000000)
  eden space 398336K, 0% used [0x0000000795580000,0x0000000795580000,0x00000007ada80000)
  from space 147456K, 26% used [0x00000007b6a00000,0x00000007b8f86ce8,0x00000007bfa00000)
  to   space 146944K, 0% used [0x00000007ada80000,0x00000007ada80000,0x00000007b6a00000)
 ParOldGen       total 361984K, used 138071K [0x0000000740000000, 0x0000000756180000, 0x0000000795580000)
  object space 361984K, 38% used [0x0000000740000000,0x00000007486d5c18,0x0000000756180000)
 Metaspace       used 273632K, capacity 282830K, committed 283608K, reserved 1298432K
  class space    used 32848K, capacity 34752K, committed 34776K, reserved 1048576K
}
Event: 16283.174 GC heap before
{Heap before GC invocations=48 (full 7):
 PSYoungGen      total 545792K, used 436750K [0x0000000795580000, 0x00000007bfa00000, 0x00000007c0000000)
  eden space 398336K, 99% used [0x0000000795580000,0x00000007ada7cdf0,0x00000007ada80000)
  from space 147456K, 26% used [0x00000007b6a00000,0x00000007b8f86ce8,0x00000007bfa00000)
  to   space 146944K, 0% used [0x00000007ada80000,0x00000007ada80000,0x00000007b6a00000)
 ParOldGen       total 361984K, used 138071K [0x0000000740000000, 0x0000000756180000, 0x0000000795580000)
  object space 361984K, 38% used [0x0000000740000000,0x00000007486d5c18,0x0000000756180000)
 Metaspace       used 291212K, capacity 301100K, committed 301912K, reserved 1314816K
  class space    used 34852K, capacity 36898K, committed 36952K, reserved 1048576K
Event: 16283.397 GC heap after
Heap after GC invocations=48 (full 7):
 PSYoungGen      total 510976K, used 112446K [0x0000000795580000, 0x00000007c0000000, 0x00000007c0000000)
  eden space 398336K, 0% used [0x0000000795580000,0x0000000795580000,0x00000007ada80000)
  from space 112640K, 99% used [0x00000007ada80000,0x00000007b484f9f8,0x00000007b4880000)
  to   space 154624K, 0% used [0x00000007b6900000,0x00000007b6900000,0x00000007c0000000)
 ParOldGen       total 361984K, used 138079K [0x0000000740000000, 0x0000000756180000, 0x0000000795580000)
  object space 361984K, 38% used [0x0000000740000000,0x00000007486d7c18,0x0000000756180000)
 Metaspace       used 291212K, capacity 301100K, committed 301912K, reserved 1314816K
  class space    used 34852K, capacity 36898K, committed 36952K, reserved 1048576K
}
Event: 16291.185 GC heap before
{Heap before GC invocations=49 (full 7):
 PSYoungGen      total 510976K, used 510782K [0x0000000795580000, 0x00000007c0000000, 0x00000007c0000000)
  eden space 398336K, 100% used [0x0000000795580000,0x00000007ada80000,0x00000007ada80000)
  from space 112640K, 99% used [0x00000007ada80000,0x00000007b484f9f8,0x00000007b4880000)
  to   space 154624K, 0% used [0x00000007b6900000,0x00000007b6900000,0x00000007c0000000)
 ParOldGen       total 361984K, used 138079K [0x0000000740000000, 0x0000000756180000, 0x0000000795580000)
  object space 361984K, 38% used [0x0000000740000000,0x00000007486d7c18,0x0000000756180000)
 Metaspace       used 294942K, capacity 305012K, committed 305752K, reserved 1316864K
  class space    used 35330K, capacity 37410K, committed 37464K, reserved 1048576K
Event: 16291.407 GC heap after
Heap after GC invocations=49 (full 7):
 PSYoungGen      total 549888K, used 62859K [0x0000000795580000, 0x00000007c0000000, 0x00000007c0000000)
  eden space 395264K, 0% used [0x0000000795580000,0x0000000795580000,0x00000007ad780000)
  from space 154624K, 40% used [0x00000007b6900000,0x00000007ba662ca8,0x00000007c0000000)
  to   space 148992K, 0% used [0x00000007ad780000,0x00000007ad780000,0x00000007b6900000)
 ParOldGen       total 361984K, used 138087K [0x0000000740000000, 0x0000000756180000, 0x0000000795580000)
  object space 361984K, 38% used [0x0000000740000000,0x00000007486d9c18,0x0000000756180000)
 Metaspace       used 294942K, capacity 305012K, committed 305752K, reserved 1316864K
  class space    used 35330K, capacity 37410K, committed 37464K, reserved 1048576K
}
Event: 16703.134 GC heap before
{Heap before GC invocations=50 (full 7):
 PSYoungGen      total 549888K, used 458123K [0x0000000795580000, 0x00000007c0000000, 0x00000007c0000000)
  eden space 395264K, 100% used [0x0000000795580000,0x00000007ad780000,0x00000007ad780000)
  from space 154624K, 40% used [0x00000007b6900000,0x00000007ba662ca8,0x00000007c0000000)
  to   space 148992K, 0% used [0x00000007ad780000,0x00000007ad780000,0x00000007b6900000)
 ParOldGen       total 361984K, used 138087K [0x0000000740000000, 0x0000000756180000, 0x0000000795580000)
  object space 361984K, 38% used [0x0000000740000000,0x00000007486d9c18,0x0000000756180000)
 Metaspace       used 306493K, capacity 316542K, committed 317400K, reserved 1327104K
  class space    used 36711K, capacity 38797K, committed 38872K, reserved 1048576K
Event: 16703.453 GC heap after
Heap after GC invocations=50 (full 7):
 PSYoungGen      total 543232K, used 147733K [0x0000000795580000, 0x00000007c0000000, 0x00000007c0000000)
  eden space 395264K, 0% used [0x0000000795580000,0x0000000795580000,0x00000007ad780000)
  from space 147968K, 99% used [0x00000007ad780000,0x00000007b67c56c0,0x00000007b6800000)
  to   space 155648K, 0% used [0x00000007b6800000,0x00000007b6800000,0x00000007c0000000)
 ParOldGen       total 361984K, used 138095K [0x0000000740000000, 0x0000000756180000, 0x0000000795580000)
  object space 361984K, 38% used [0x0000000740000000,0x00000007486dbc18,0x0000000756180000)
 Metaspace       used 306493K, capacity 316542K, committed 317400K, reserved 1327104K
  class space    used 36711K, capacity 38797K, committed 38872K, reserved 1048576K
}
Event: 16826.289 GC heap before
{Heap before GC invocations=51 (full 7):
 PSYoungGen      total 543232K, used 542997K [0x0000000795580000, 0x00000007c0000000, 0x00000007c0000000)
  eden space 395264K, 100% used [0x0000000795580000,0x00000007ad780000,0x00000007ad780000)
  from space 147968K, 99% used [0x00000007ad780000,0x00000007b67c56c0,0x00000007b6800000)
  to   space 155648K, 0% used [0x00000007b6800000,0x00000007b6800000,0x00000007c0000000)
 ParOldGen       total 361984K, used 138095K [0x0000000740000000, 0x0000000756180000, 0x0000000795580000)
  object space 361984K, 38% used [0x0000000740000000,0x00000007486dbc18,0x0000000756180000)
 Metaspace       used 308465K, capacity 318620K, committed 319320K, reserved 1329152K
  class space    used 36908K, capacity 38998K, committed 39000K, reserved 1048576K

